[debug] > Exec(early(addDefaultCommands), None, None)
[debug] > Exec(addDefaultCommands, None, None)
[debug] > Exec(early(initialize), None, None)
[debug] > Exec(initialize, None, None)
[debug] > Exec(early(addPluginSbtFile="""C:\Users\Adlet\AppData\Local\Temp\idea4727.sbt"""), None, None)
[debug] > Exec(addPluginSbtFile="""C:\Users\Adlet\AppData\Local\Temp\idea4727.sbt""", None, None)
[debug] > Exec(boot, None, None)
[debug] > Exec(writeSbtVersion, None, None)
[debug] > Exec(reload, None, None)
[debug] > Exec(sbtStashOnFailure, None, None)
[debug] > Exec(onFailure loadFailed, None, None)
[debug] > Exec(loadp, None, None)
[info] welcome to sbt 1.4.7 (Oracle Corporation Java 15.0.2)
[debug]       Load.loadUnit: plugins took 111.6674ms
[debug]       Load.loadUnit: defsScala took 0.3417ms
[debug] [Loading] Scanning directory C:\Users\Adlet\.sbt\1.0\plugins
[debug] [Loading] Found non-root projects 
[debug] [Loading] Done in C:\Users\Adlet\.sbt\1.0\plugins, returning: ()
[debug] deducing auto plugins based on known facts Set(Atom(sbt.plugins.CorePlugin)) and clauses Clauses(List(Clause(Atom(sbt.plugins.JvmPlugin),Set(Atom(sbt.plugins.IvyPlugin))), Clause(Atom(sbt.ScriptedPlugin),Set(Atom(sbt.plugins.JvmPlugin))), Clause(Atom(sbt.plugins.SbtPlugin),Set(Atom(sbt.ScriptedPlugin))), Clause(Atom(sbt.plugins.SemanticdbPlugin),Set(Atom(sbt.plugins.JvmPlugin))), Clause(Atom(sbt.plugins.JUnitXmlReportPlugin),Set(Atom(sbt.plugins.JvmPlugin))), Clause(Atom(sbt.plugins.MiniDependencyTreePlugin),Set(Atom(sbt.plugins.JvmPlugin))), Clause(Atom(sbt.plugins.CorePlugin),Set(Atom(sbt.plugins.IvyPlugin))), Clause(Atom(sbt.plugins.IvyPlugin),Set(Atom(sbt.plugins.JvmPlugin))), Clause(Atom(sbt.plugins.JvmPlugin),Set(Atom(sbt.plugins.SemanticdbPlugin))), Clause(Atom(sbt.plugins.JvmPlugin),Set(Atom(sbt.plugins.JUnitXmlReportPlugin))), Clause(Atom(sbt.plugins.CorePlugin),Set(Atom(sbt.plugins.Giter8TemplatePlugin))), Clause(Atom(sbt.plugins.JvmPlugin),Set(Atom(sbt.plugins.MiniDependencyTreePlugin)))))
[debug]   :: deduced result: Matched(sbt.plugins.CorePlugin,sbt.plugins.Giter8TemplatePlugin,sbt.plugins.IvyPlugin,sbt.plugins.JvmPlugin,sbt.plugins.MiniDependencyTreePlugin,sbt.plugins.JUnitXmlReportPlugin,sbt.plugins.SemanticdbPlugin)
[debug] Plugins.deducer#function took 25.7202 ms
[debug]           Load.resolveProject(global-plugins) took 54.7167ms
[debug]         Load.loadTransitive: finalizeProject(Project(id global-plugins, base: C:\Users\Adlet\.sbt\1.0\plugins, plugins: List(<none>))) took 114.0403ms
[debug] [Loading] Done in C:\Users\Adlet\.sbt\1.0\plugins, returning: (global-plugins)
[debug]       Load.loadUnit: loadedProjectsRaw took 141.2182ms
[debug]       Load.loadUnit: cleanEvalClasses took 0.3857ms
[debug]     Load.loadUnit(file:/C:/Users/Adlet/.sbt/1.0/plugins/, ...) took 269.9416ms
[debug]   Load.apply: load took 562.0094ms
[debug]   Load.apply: resolveProjects took 6.0647ms
[debug]   Load.apply: finalTransforms took 59.7957ms
[debug]   Load.apply: config.delegates took 8.2827ms
[debug]   Load.apply: Def.make(settings)... took 899.2641ms
[debug]   Load.apply: structureIndex took 113.6288ms
[debug]   Load.apply: mkStreams took 2.6055ms
[info] loading global plugins from C:\Users\Adlet\.sbt\1.0\plugins
[debug] Running task... Cancel: Signal, check cycles: false, forcegc: true
[debug] Load.defaultLoad until apply took 3442.387ms
[debug]           Load.loadUnit: plugins took 41.0125ms
[debug]           Load.loadUnit: defsScala took 0.0141ms
[debug] [Loading] Scanning directory C:\Users\Adlet\Desktop\akka_persistence_project\akka_persistence\project
[debug]             Load.loadUnit: mkEval took 9.8155ms
[debug] [Loading] Found non-root projects 
[debug] [Loading] Done in C:\Users\Adlet\Desktop\akka_persistence_project\akka_persistence\project, returning: ()
[debug] deducing auto plugins based on known facts Set(Atom(sbt.plugins.CorePlugin)) and clauses Clauses(List(Clause(Atom(sbt.plugins.JvmPlugin),Set(Atom(sbt.plugins.IvyPlugin))), Clause(Atom(sbt.ScriptedPlugin),Set(Atom(sbt.plugins.JvmPlugin))), Clause(Atom(sbt.plugins.SbtPlugin),Set(Atom(sbt.ScriptedPlugin))), Clause(Atom(sbt.plugins.SemanticdbPlugin),Set(Atom(sbt.plugins.JvmPlugin))), Clause(Atom(sbt.plugins.JUnitXmlReportPlugin),Set(Atom(sbt.plugins.JvmPlugin))), Clause(Atom(sbt.plugins.MiniDependencyTreePlugin),Set(Atom(sbt.plugins.JvmPlugin))), Clause(Atom(sbt.plugins.CorePlugin),Set(Atom(sbt.plugins.IvyPlugin))), Clause(Atom(sbt.plugins.IvyPlugin),Set(Atom(sbt.plugins.JvmPlugin))), Clause(Atom(sbt.plugins.JvmPlugin),Set(Atom(sbt.plugins.SemanticdbPlugin))), Clause(Atom(sbt.plugins.JvmPlugin),Set(Atom(sbt.plugins.JUnitXmlReportPlugin))), Clause(Atom(sbt.plugins.CorePlugin),Set(Atom(sbt.plugins.Giter8TemplatePlugin))), Clause(Atom(sbt.plugins.JvmPlugin),Set(Atom(sbt.plugins.MiniDependencyTreePlugin)))))
[debug]   :: deduced result: Matched(sbt.plugins.CorePlugin,sbt.plugins.Giter8TemplatePlugin,sbt.plugins.IvyPlugin,sbt.plugins.JvmPlugin,sbt.plugins.MiniDependencyTreePlugin,sbt.plugins.JUnitXmlReportPlugin,sbt.plugins.SemanticdbPlugin)
[debug] Plugins.deducer#function took 2.9899 ms
[info] loading settings for project akka_persistence-build from plugins.sbt,idea4727.sbt ...
[debug]               Load.resolveProject(akka_persistence-build) took 3.8761ms
[debug]             Load.loadTransitive: finalizeProject(Project(id akka_persistence-build, base: C:\Users\Adlet\Desktop\akka_persistence_project\akka_persistence\project, plugins: List(<none>))) took 8.132ms
[debug] [Loading] Done in C:\Users\Adlet\Desktop\akka_persistence_project\akka_persistence\project, returning: (akka_persistence-build)
[debug]           Load.loadUnit: loadedProjectsRaw took 276.4421ms
[debug]           Load.loadUnit: cleanEvalClasses took 51.9938ms
[debug]         Load.loadUnit(file:/C:/Users/Adlet/Desktop/akka_persistence_project/akka_persistence/project/, ...) took 371.8944ms
[debug]       Load.apply: load took 374.9652ms
[debug]       Load.apply: resolveProjects took 0.1853ms
[debug]       Load.apply: finalTransforms took 16.9607ms
[debug]       Load.apply: config.delegates took 0.7451ms
[debug]       Load.apply: Def.make(settings)... took 131.1624ms
[debug]       Load.apply: structureIndex took 43.553ms
[debug]       Load.apply: mkStreams took 0.0072ms
[info] loading project definition from C:\Users\Adlet\Desktop\akka_persistence_project\akka_persistence\project
[debug] Running task... Cancel: Signal, check cycles: false, forcegc: true
[warn] There may be incompatibilities among your library dependencies; run 'evicted' to see detailed eviction warnings.
[debug]     Load.loadUnit: plugins took 2344.8873ms
[debug]     Load.loadUnit: defsScala took 0.0065ms
[debug] [Loading] Scanning directory C:\Users\Adlet\Desktop\akka_persistence_project\akka_persistence
[debug]       Load.loadUnit: mkEval took 0.3991ms
[error] Type error in expression
[debug] > Exec(loadFailed, None, None)
[warn] Project loading failed: (r)etry, (q)uit, (l)ast, or (i)gnore? (default: r)
