[debug] > Exec(early(addDefaultCommands), None, None)
[debug] > Exec(addDefaultCommands, None, None)
[debug] > Exec(early(initialize), None, None)
[debug] > Exec(initialize, None, None)
[debug] > Exec(early(addPluginSbtFile="""C:\Users\Adlet\AppData\Local\Temp\idea568.sbt"""), None, None)
[debug] > Exec(addPluginSbtFile="""C:\Users\Adlet\AppData\Local\Temp\idea568.sbt""", None, None)
[debug] > Exec(boot, None, None)
[debug] > Exec(writeSbtVersion, None, None)
[debug] > Exec(reload, None, None)
[debug] > Exec(sbtStashOnFailure, None, None)
[debug] > Exec(onFailure loadFailed, None, None)
[debug] > Exec(loadp, None, None)
[info] welcome to sbt 1.4.7 (Oracle Corporation Java 15.0.2)
[debug]       Load.loadUnit: plugins took 109.6089ms
[debug]       Load.loadUnit: defsScala took 0.3967ms
[debug] [Loading] Scanning directory C:\Users\Adlet\.sbt\1.0\plugins
[debug] [Loading] Found non-root projects 
[debug] [Loading] Done in C:\Users\Adlet\.sbt\1.0\plugins, returning: ()
[debug] deducing auto plugins based on known facts Set(Atom(sbt.plugins.CorePlugin)) and clauses Clauses(List(Clause(Atom(sbt.plugins.JvmPlugin),Set(Atom(sbt.plugins.IvyPlugin))), Clause(Atom(sbt.ScriptedPlugin),Set(Atom(sbt.plugins.JvmPlugin))), Clause(Atom(sbt.plugins.SbtPlugin),Set(Atom(sbt.ScriptedPlugin))), Clause(Atom(sbt.plugins.SemanticdbPlugin),Set(Atom(sbt.plugins.JvmPlugin))), Clause(Atom(sbt.plugins.JUnitXmlReportPlugin),Set(Atom(sbt.plugins.JvmPlugin))), Clause(Atom(sbt.plugins.MiniDependencyTreePlugin),Set(Atom(sbt.plugins.JvmPlugin))), Clause(Atom(sbt.plugins.CorePlugin),Set(Atom(sbt.plugins.IvyPlugin))), Clause(Atom(sbt.plugins.IvyPlugin),Set(Atom(sbt.plugins.JvmPlugin))), Clause(Atom(sbt.plugins.JvmPlugin),Set(Atom(sbt.plugins.SemanticdbPlugin))), Clause(Atom(sbt.plugins.JvmPlugin),Set(Atom(sbt.plugins.JUnitXmlReportPlugin))), Clause(Atom(sbt.plugins.CorePlugin),Set(Atom(sbt.plugins.Giter8TemplatePlugin))), Clause(Atom(sbt.plugins.JvmPlugin),Set(Atom(sbt.plugins.MiniDependencyTreePlugin)))))
[debug]   :: deduced result: Matched(sbt.plugins.CorePlugin,sbt.plugins.Giter8TemplatePlugin,sbt.plugins.IvyPlugin,sbt.plugins.JvmPlugin,sbt.plugins.MiniDependencyTreePlugin,sbt.plugins.JUnitXmlReportPlugin,sbt.plugins.SemanticdbPlugin)
[debug] Plugins.deducer#function took 28.8123 ms
[debug]           Load.resolveProject(global-plugins) took 51.1296ms
[debug]         Load.loadTransitive: finalizeProject(Project(id global-plugins, base: C:\Users\Adlet\.sbt\1.0\plugins, plugins: List(<none>))) took 108.9915ms
[debug] [Loading] Done in C:\Users\Adlet\.sbt\1.0\plugins, returning: (global-plugins)
[debug]       Load.loadUnit: loadedProjectsRaw took 134.1974ms
[debug]       Load.loadUnit: cleanEvalClasses took 0.2745ms
[debug]     Load.loadUnit(file:/C:/Users/Adlet/.sbt/1.0/plugins/, ...) took 257.9778ms
[debug]   Load.apply: load took 559.1202ms
[debug]   Load.apply: resolveProjects took 7.4972ms
[debug]   Load.apply: finalTransforms took 72.9783ms
[debug]   Load.apply: config.delegates took 10.1143ms
[debug]   Load.apply: Def.make(settings)... took 988.1724ms
[debug]   Load.apply: structureIndex took 115.5217ms
[debug]   Load.apply: mkStreams took 1.5578ms
[info] loading global plugins from C:\Users\Adlet\.sbt\1.0\plugins
[debug] Running task... Cancel: Signal, check cycles: false, forcegc: true
[debug] Load.defaultLoad until apply took 3511.7579ms
[debug]           Load.loadUnit: plugins took 40.403ms
[debug]           Load.loadUnit: defsScala took 0.0113ms
[debug] [Loading] Scanning directory C:\Users\Adlet\Desktop\akka_persistence_project\akka_persistence\project
[debug]             Load.loadUnit: mkEval took 8.1068ms
[debug] [Loading] Found non-root projects 
[debug] [Loading] Done in C:\Users\Adlet\Desktop\akka_persistence_project\akka_persistence\project, returning: ()
[debug] deducing auto plugins based on known facts Set(Atom(sbt.plugins.CorePlugin)) and clauses Clauses(List(Clause(Atom(sbt.plugins.JvmPlugin),Set(Atom(sbt.plugins.IvyPlugin))), Clause(Atom(sbt.ScriptedPlugin),Set(Atom(sbt.plugins.JvmPlugin))), Clause(Atom(sbt.plugins.SbtPlugin),Set(Atom(sbt.ScriptedPlugin))), Clause(Atom(sbt.plugins.SemanticdbPlugin),Set(Atom(sbt.plugins.JvmPlugin))), Clause(Atom(sbt.plugins.JUnitXmlReportPlugin),Set(Atom(sbt.plugins.JvmPlugin))), Clause(Atom(sbt.plugins.MiniDependencyTreePlugin),Set(Atom(sbt.plugins.JvmPlugin))), Clause(Atom(sbt.plugins.CorePlugin),Set(Atom(sbt.plugins.IvyPlugin))), Clause(Atom(sbt.plugins.IvyPlugin),Set(Atom(sbt.plugins.JvmPlugin))), Clause(Atom(sbt.plugins.JvmPlugin),Set(Atom(sbt.plugins.SemanticdbPlugin))), Clause(Atom(sbt.plugins.JvmPlugin),Set(Atom(sbt.plugins.JUnitXmlReportPlugin))), Clause(Atom(sbt.plugins.CorePlugin),Set(Atom(sbt.plugins.Giter8TemplatePlugin))), Clause(Atom(sbt.plugins.JvmPlugin),Set(Atom(sbt.plugins.MiniDependencyTreePlugin)))))
[debug]   :: deduced result: Matched(sbt.plugins.CorePlugin,sbt.plugins.Giter8TemplatePlugin,sbt.plugins.IvyPlugin,sbt.plugins.JvmPlugin,sbt.plugins.MiniDependencyTreePlugin,sbt.plugins.JUnitXmlReportPlugin,sbt.plugins.SemanticdbPlugin)
[debug] Plugins.deducer#function took 2.5282 ms
[info] loading settings for project akka_persistence-build from plugins.sbt,idea568.sbt ...
[debug]               Load.resolveProject(akka_persistence-build) took 3.8152ms
[debug]             Load.loadTransitive: finalizeProject(Project(id akka_persistence-build, base: C:\Users\Adlet\Desktop\akka_persistence_project\akka_persistence\project, plugins: List(<none>))) took 7.1107ms
[debug] [Loading] Done in C:\Users\Adlet\Desktop\akka_persistence_project\akka_persistence\project, returning: (akka_persistence-build)
[debug]           Load.loadUnit: loadedProjectsRaw took 198.3065ms
[debug]           Load.loadUnit: cleanEvalClasses took 14.2296ms
[debug]         Load.loadUnit(file:/C:/Users/Adlet/Desktop/akka_persistence_project/akka_persistence/project/, ...) took 254.3984ms
[debug]       Load.apply: load took 256.5951ms
[debug]       Load.apply: resolveProjects took 0.1235ms
[debug]       Load.apply: finalTransforms took 12.3407ms
[debug]       Load.apply: config.delegates took 0.5254ms
[debug]       Load.apply: Def.make(settings)... took 99.6143ms
[debug]       Load.apply: structureIndex took 33.9361ms
[debug]       Load.apply: mkStreams took 0.0048ms
[info] loading project definition from C:\Users\Adlet\Desktop\akka_persistence_project\akka_persistence\project
[debug] Running task... Cancel: Signal, check cycles: false, forcegc: true
[debug]     Load.loadUnit: plugins took 809.0262ms
[debug]     Load.loadUnit: defsScala took 0.0038ms
[debug] [Loading] Scanning directory C:\Users\Adlet\Desktop\akka_persistence_project\akka_persistence
[debug]       Load.loadUnit: mkEval took 0.3552ms
[error] Type error in expression
[debug] > Exec(loadFailed, None, None)
[warn] Project loading failed: (r)etry, (q)uit, (l)ast, or (i)gnore? (default: r)
