[debug] > Exec(early(addDefaultCommands), None, None)
[debug] > Exec(addDefaultCommands, None, None)
[debug] > Exec(early(initialize), None, None)
[debug] > Exec(initialize, None, None)
[debug] > Exec(early(addPluginSbtFile="""C:\Users\Adlet\AppData\Local\Temp\idea10.sbt"""), None, None)
[debug] > Exec(addPluginSbtFile="""C:\Users\Adlet\AppData\Local\Temp\idea10.sbt""", None, None)
[debug] > Exec(boot, None, None)
[debug] > Exec(writeSbtVersion, None, None)
[debug] > Exec(reload, None, None)
[debug] > Exec(sbtStashOnFailure, None, None)
[debug] > Exec(onFailure loadFailed, None, None)
[debug] > Exec(loadp, None, None)
[info] welcome to sbt 1.4.7 (Oracle Corporation Java 15.0.2)
[debug]       Load.loadUnit: plugins took 119.7537ms
[debug]       Load.loadUnit: defsScala took 0.6359ms
[debug] [Loading] Scanning directory C:\Users\Adlet\.sbt\1.0\plugins
[debug] [Loading] Found non-root projects 
[debug] [Loading] Done in C:\Users\Adlet\.sbt\1.0\plugins, returning: ()
[debug] deducing auto plugins based on known facts Set(Atom(sbt.plugins.CorePlugin)) and clauses Clauses(List(Clause(Atom(sbt.plugins.JvmPlugin),Set(Atom(sbt.plugins.IvyPlugin))), Clause(Atom(sbt.ScriptedPlugin),Set(Atom(sbt.plugins.JvmPlugin))), Clause(Atom(sbt.plugins.SbtPlugin),Set(Atom(sbt.ScriptedPlugin))), Clause(Atom(sbt.plugins.SemanticdbPlugin),Set(Atom(sbt.plugins.JvmPlugin))), Clause(Atom(sbt.plugins.JUnitXmlReportPlugin),Set(Atom(sbt.plugins.JvmPlugin))), Clause(Atom(sbt.plugins.MiniDependencyTreePlugin),Set(Atom(sbt.plugins.JvmPlugin))), Clause(Atom(sbt.plugins.CorePlugin),Set(Atom(sbt.plugins.IvyPlugin))), Clause(Atom(sbt.plugins.IvyPlugin),Set(Atom(sbt.plugins.JvmPlugin))), Clause(Atom(sbt.plugins.JvmPlugin),Set(Atom(sbt.plugins.SemanticdbPlugin))), Clause(Atom(sbt.plugins.JvmPlugin),Set(Atom(sbt.plugins.JUnitXmlReportPlugin))), Clause(Atom(sbt.plugins.CorePlugin),Set(Atom(sbt.plugins.Giter8TemplatePlugin))), Clause(Atom(sbt.plugins.JvmPlugin),Set(Atom(sbt.plugins.MiniDependencyTreePlugin)))))
[debug]   :: deduced result: Matched(sbt.plugins.CorePlugin,sbt.plugins.Giter8TemplatePlugin,sbt.plugins.IvyPlugin,sbt.plugins.JvmPlugin,sbt.plugins.MiniDependencyTreePlugin,sbt.plugins.JUnitXmlReportPlugin,sbt.plugins.SemanticdbPlugin)
[debug] Plugins.deducer#function took 29.0011 ms
[debug]           Load.resolveProject(global-plugins) took 50.2131ms
[debug]         Load.loadTransitive: finalizeProject(Project(id global-plugins, base: C:\Users\Adlet\.sbt\1.0\plugins, plugins: List(<none>))) took 107.0015ms
[debug] [Loading] Done in C:\Users\Adlet\.sbt\1.0\plugins, returning: (global-plugins)
[debug]       Load.loadUnit: loadedProjectsRaw took 144.8914ms
[debug]       Load.loadUnit: cleanEvalClasses took 0.2779ms
[debug]     Load.loadUnit(file:/C:/Users/Adlet/.sbt/1.0/plugins/, ...) took 280.8223ms
[debug]   Load.apply: load took 577.6034ms
[debug]   Load.apply: resolveProjects took 6.4287ms
[debug]   Load.apply: finalTransforms took 61.5003ms
[debug]   Load.apply: config.delegates took 7.1885ms
[debug]   Load.apply: Def.make(settings)... took 1201.921ms
[debug]   Load.apply: structureIndex took 115.7598ms
[debug]   Load.apply: mkStreams took 1.4086ms
[info] loading global plugins from C:\Users\Adlet\.sbt\1.0\plugins
[debug] Running task... Cancel: Signal, check cycles: false, forcegc: true
[debug] Load.defaultLoad until apply took 4139.6444ms
[debug]           Load.loadUnit: plugins took 32.061ms
[debug]           Load.loadUnit: defsScala took 0.0056ms
[debug] [Loading] Scanning directory C:\Users\Adlet\Desktop\akka_persistence_project\akka_persistence\project
[debug]             Load.loadUnit: mkEval took 5.7924ms
[debug] [Loading] Found non-root projects 
[debug] [Loading] Done in C:\Users\Adlet\Desktop\akka_persistence_project\akka_persistence\project, returning: ()
[debug] deducing auto plugins based on known facts Set(Atom(sbt.plugins.CorePlugin)) and clauses Clauses(List(Clause(Atom(sbt.plugins.JvmPlugin),Set(Atom(sbt.plugins.IvyPlugin))), Clause(Atom(sbt.ScriptedPlugin),Set(Atom(sbt.plugins.JvmPlugin))), Clause(Atom(sbt.plugins.SbtPlugin),Set(Atom(sbt.ScriptedPlugin))), Clause(Atom(sbt.plugins.SemanticdbPlugin),Set(Atom(sbt.plugins.JvmPlugin))), Clause(Atom(sbt.plugins.JUnitXmlReportPlugin),Set(Atom(sbt.plugins.JvmPlugin))), Clause(Atom(sbt.plugins.MiniDependencyTreePlugin),Set(Atom(sbt.plugins.JvmPlugin))), Clause(Atom(sbt.plugins.CorePlugin),Set(Atom(sbt.plugins.IvyPlugin))), Clause(Atom(sbt.plugins.IvyPlugin),Set(Atom(sbt.plugins.JvmPlugin))), Clause(Atom(sbt.plugins.JvmPlugin),Set(Atom(sbt.plugins.SemanticdbPlugin))), Clause(Atom(sbt.plugins.JvmPlugin),Set(Atom(sbt.plugins.JUnitXmlReportPlugin))), Clause(Atom(sbt.plugins.CorePlugin),Set(Atom(sbt.plugins.Giter8TemplatePlugin))), Clause(Atom(sbt.plugins.JvmPlugin),Set(Atom(sbt.plugins.MiniDependencyTreePlugin)))))
[debug]   :: deduced result: Matched(sbt.plugins.CorePlugin,sbt.plugins.Giter8TemplatePlugin,sbt.plugins.IvyPlugin,sbt.plugins.JvmPlugin,sbt.plugins.MiniDependencyTreePlugin,sbt.plugins.JUnitXmlReportPlugin,sbt.plugins.SemanticdbPlugin)
[debug] Plugins.deducer#function took 2.8549 ms
[info] loading settings for project akka_persistence-build from idea10.sbt ...
[debug]               Load.resolveProject(akka_persistence-build) took 4.0936ms
[debug]             Load.loadTransitive: finalizeProject(Project(id akka_persistence-build, base: C:\Users\Adlet\Desktop\akka_persistence_project\akka_persistence\project, plugins: List(<none>))) took 7.7409ms
[debug] [Loading] Done in C:\Users\Adlet\Desktop\akka_persistence_project\akka_persistence\project, returning: (akka_persistence-build)
[debug]           Load.loadUnit: loadedProjectsRaw took 129.0051ms
[debug]           Load.loadUnit: cleanEvalClasses took 8.2514ms
[debug]         Load.loadUnit(file:/C:/Users/Adlet/Desktop/akka_persistence_project/akka_persistence/project/, ...) took 170.6456ms
[debug]       Load.apply: load took 173.1101ms
[debug]       Load.apply: resolveProjects took 0.159ms
[debug]       Load.apply: finalTransforms took 16.7176ms
[debug]       Load.apply: config.delegates took 0.6085ms
[debug]       Load.apply: Def.make(settings)... took 92.8326ms
[debug]       Load.apply: structureIndex took 34.6855ms
[debug]       Load.apply: mkStreams took 0.0041ms
[info] loading project definition from C:\Users\Adlet\Desktop\akka_persistence_project\akka_persistence\project
[debug] Running task... Cancel: Signal, check cycles: false, forcegc: true
[debug]     Load.loadUnit: plugins took 1797.9748ms
[debug]     Load.loadUnit: defsScala took 0.0043ms
[debug] [Loading] Scanning directory C:\Users\Adlet\Desktop\akka_persistence_project\akka_persistence
[debug]       Load.loadUnit: mkEval took 0.2936ms
[error] Type error in expression
[debug] > Exec(loadFailed, None, None)
[warn] Project loading failed: (r)etry, (q)uit, (l)ast, or (i)gnore? (default: r)
